<?xml version="1.0" encoding="UTF-8"?>
<testng-results ignored="0" total="1" passed="1" failed="0" skipped="0">
  <reporter-output>
  </reporter-output>
  <suite started-at="2024-11-24T14:27:02 IST" name="Suite" finished-at="2024-11-24T14:27:57 IST" duration-ms="55027">
    <groups>
    </groups>
    <test started-at="2024-11-24T14:27:02 IST" name="Test" finished-at="2024-11-24T14:27:57 IST" duration-ms="55027">
      <class name="testCases.TC_001_HomePage_Test">
        <test-method is-config="true" signature="setUp(java.lang.String)[pri:0, instance:testCases.TC_001_HomePage_Test@77847718]" started-at="2024-11-24T14:27:02 IST" name="setUp" finished-at="2024-11-24T14:27:08 IST" duration-ms="5506" status="PASS">
          <params>
            <param index="0">
              <value>
                <![CDATA[chrome]]>
              </value>
            </param>
          </params>
          <reporter-output>
          </reporter-output>
        </test-method> <!-- setUp -->
        <test-method signature="validateTextToSlider()[pri:1, instance:testCases.TC_001_HomePage_Test@77847718]" started-at="2024-11-24T14:27:08 IST" name="validateTextToSlider" finished-at="2024-11-24T14:27:56 IST" duration-ms="48471" status="PASS">
          <reporter-output>
          </reporter-output>
        </test-method> <!-- validateTextToSlider -->
        <test-method is-config="true" signature="teardown()[pri:0, instance:testCases.TC_001_HomePage_Test@77847718]" started-at="2024-11-24T14:27:56 IST" name="teardown" finished-at="2024-11-24T14:27:57 IST" duration-ms="848" status="PASS">
          <reporter-output>
          </reporter-output>
        </test-method> <!-- teardown -->
      </class> <!-- testCases.TC_001_HomePage_Test -->
    </test> <!-- Test -->
  </suite> <!-- Suite -->
</testng-results>
