<?xml version="1.0" encoding="UTF-8"?>
<testng-results ignored="0" total="1" passed="1" failed="0" skipped="0">
  <reporter-output>
  </reporter-output>
  <suite started-at="2024-11-24T14:07:45 IST" name="Suite" finished-at="2024-11-24T14:08:39 IST" duration-ms="53800">
    <groups>
    </groups>
    <test started-at="2024-11-24T14:07:45 IST" name="Test" finished-at="2024-11-24T14:08:39 IST" duration-ms="53800">
      <class name="testCases.TC_001_HomePage_Test">
        <test-method is-config="true" signature="setUp(java.lang.String)[pri:0, instance:testCases.TC_001_HomePage_Test@40a4337a]" started-at="2024-11-24T14:07:45 IST" name="setUp" finished-at="2024-11-24T14:07:51 IST" duration-ms="5763" status="PASS">
          <params>
            <param index="0">
              <value>
                <![CDATA[chrome]]>
              </value>
            </param>
          </params>
          <reporter-output>
          </reporter-output>
        </test-method> <!-- setUp -->
        <test-method signature="validateTextToSlider()[pri:1, instance:testCases.TC_001_HomePage_Test@40a4337a]" started-at="2024-11-24T14:07:51 IST" name="validateTextToSlider" finished-at="2024-11-24T14:08:38 IST" duration-ms="47088" status="PASS">
          <reporter-output>
          </reporter-output>
        </test-method> <!-- validateTextToSlider -->
        <test-method is-config="true" signature="teardown()[pri:0, instance:testCases.TC_001_HomePage_Test@40a4337a]" started-at="2024-11-24T14:08:38 IST" name="teardown" finished-at="2024-11-24T14:08:39 IST" duration-ms="677" status="PASS">
          <reporter-output>
          </reporter-output>
        </test-method> <!-- teardown -->
      </class> <!-- testCases.TC_001_HomePage_Test -->
    </test> <!-- Test -->
  </suite> <!-- Suite -->
</testng-results>
